<?xml version="1.0" encoding="utf-8"?><testsuites name="pytest tests"><testsuite name="pytest" errors="0" failures="0" skipped="0" tests="8" time="11.552" timestamp="2026-03-23T16:23:28.206332+08:00" hostname="ze-desk"><testcase classname="test_main.TestV1Routing" name="test_v1_plugin_collect_syncs_to_content_and_insight" time="1.209" /><testcase classname="test_main.TestV1Routing" name="test_v1_inbox_promote_workflow" time="2.977" /><testcase classname="test_main.TestV1Routing" name="test_v1_collect_intake_to_inbox_with_dedupe_hint" time="1.111" /><testcase classname="test_main.TestPublishTaskWorkflow" name="test_publish_task_lifecycle" time="0.900" /><testcase classname="test_main.TestLeadPool" name="test_lead_status_and_assign" time="1.368" /><testcase classname="test_main.TestExportFeatures" name="test_export_customers_csv" time="1.256" /><testcase classname="test_main.TestExportFeatures" name="test_export_publish_tasks_csv" time="0.954" /><testcase classname="test_main.TestWeComNotify" name="test_wecom_notify_requires_webhook" time="0.814" /></testsuite></testsuites>