<?xml version="1.0" encoding="utf-8"?><testsuites name="pytest tests"><testsuite name="pytest" errors="0" failures="0" skipped="0" tests="6" time="6.409" timestamp="2026-03-23T15:15:53.899494+08:00" hostname="ze-desk"><testcase classname="test_main.TestV1Routing" name="test_v1_plugin_collect_syncs_to_content_and_insight" time="1.000" /><testcase classname="test_main.TestV1Routing" name="test_v1_collect_intake_to_inbox_with_dedupe_hint" time="1.031" /><testcase classname="test_main.TestV1Routing" name="test_v1_collect_intake_requires_auth" time="0.611" /><testcase classname="test_main.TestV1Routing" name="test_v1_collect_intake_invalid_source_type" time="0.738" /><testcase classname="test_main.TestV1Routing" name="test_v1_inbox_batch_actions_and_dedupe_preview" time="0.983" /><testcase classname="test_main.TestLeadPool" name="test_lead_convert_customer_forbidden_for_non_owner" time="0.853" /></testsuite></testsuites>