<?xml version="1.0" encoding="utf-8"?><testsuites name="pytest tests"><testsuite name="pytest" errors="0" failures="0" skipped="0" tests="5" time="5.424" timestamp="2026-03-23T16:23:48.090673+08:00" hostname="ze-desk"><testcase classname="test_main.TestV1Routing" name="test_v1_collect_parse_link_invalid_url" time="0.823" /><testcase classname="test_main.TestV1Routing" name="test_v1_collect_intake_requires_auth" time="0.681" /><testcase classname="test_main.TestV1Routing" name="test_v1_collect_intake_invalid_source_type" time="1.143" /><testcase classname="test_main.TestLeadPool" name="test_lead_convert_customer_forbidden_for_non_owner" time="1.051" /><testcase classname="test_main.TestExportFeatures" name="test_viewer_role_cannot_export" time="0.896" /></testsuite></testsuites>